#
# There is insufficient memory for the Java Runtime Environment to continue.
# Native memory allocation (malloc) failed to allocate 1107616 bytes for Chunk::new
# Possible reasons:
#   The system is out of physical RAM or swap space
#   The process is running with CompressedOops enabled, and the Java Heap may be blocking the growth of the native heap
# Possible solutions:
#   Reduce memory load on the system
#   Increase physical memory or swap space
#   Check if swap backing store is full
#   Decrease Java heap size (-Xmx/-Xms)
#   Decrease number of Java threads
#   Decrease Java thread stack sizes (-Xss)
#   Set larger code cache with -XX:ReservedCodeCacheSize=
#   JVM is running with Zero Based Compressed Oops mode in which the Java heap is
#     placed in the first 32GB address space. The Java Heap base address is the
#     maximum limit for the native heap growth. Please use -XX:HeapBaseMinAddress
#     to set the Java Heap base and to place the Java Heap above 32GB virtual address.
# This output file may be truncated or incomplete.
#
#  Out of Memory Error (arena.cpp:168), pid=6840, tid=30804
#
# JRE version: Java(TM) SE Runtime Environment (21.0.1+12) (build 21.0.1+12-LTS-29)
# Java VM: Java HotSpot(TM) 64-Bit Server VM (21.0.1+12-LTS-29, mixed mode, sharing, tiered, compressed oops, compressed class ptrs, g1 gc, windows-amd64)
# No core dump will be written. Minidumps are not enabled by default on client versions of Windows
#

---------------  S U M M A R Y ------------

Command Line: -Dclassworlds.conf=C:/Maven/apache-maven-3.9.6/bin/m2.conf -Dmaven.home=C:/Maven/apache-maven-3.9.6 -Dlibrary.jansi.path=C:/Maven/apache-maven-3.9.6/lib/jansi-native -Dmaven.multiModuleProjectDirectory=C:/Users/alici/Documents/Software _Masters/MSSE692/TravelPlanner org.codehaus.plexus.classworlds.launcher.Launcher clean spring-boot:run

Host: 12th Gen Intel(R) Core(TM) i9-12900H, 20 cores, 15G,  Windows 11 , 64 bit Build 26100 (10.0.26100.3037)
Time: Sun Mar  9 16:36:08 2025 Mountain Daylight Time elapsed time: 9.520208 seconds (0d 0h 0m 9s)

---------------  T H R E A D  ---------------

Current thread (0x00000240a461dc70):  JavaThread "C2 CompilerThread0" daemon [_thread_in_native, id=30804, stack(0x0000008e43000000,0x0000008e43100000) (1024K)]


Current CompileTask:
C2:   9520 7883       4       org.apache.maven.model.inheritance.DefaultInheritanceAssembler$InheritanceModelMerger::mergePluginContainer_Plugins (433 bytes)

Stack: [0x0000008e43000000,0x0000008e43100000]
Native frames: (J=compiled Java code, j=interpreted, Vv=VM code, C=native code)
V  [jvm.dll+0x6c9029]
V  [jvm.dll+0x854b81]
V  [jvm.dll+0x856e5e]
V  [jvm.dll+0x857543]
V  [jvm.dll+0x280c06]
V  [jvm.dll+0xc3ead]
V  [jvm.dll+0xc43c3]
V  [jvm.dll+0x2f3f3f]
V  [jvm.dll+0x5f40a6]
V  [jvm.dll+0x252bef]
V  [jvm.dll+0x24b323]
V  [jvm.dll+0x248fa3]
V  [jvm.dll+0x1c9ca1]
V  [jvm.dll+0x2586b9]
V  [jvm.dll+0x256c9a]
V  [jvm.dll+0x3ef1b6]
V  [jvm.dll+0x7fd728]
V  [jvm.dll+0x6c777d]
C  [ucrtbase.dll+0x37b0]
C  [KERNEL32.DLL+0x2e8d7]
C  [ntdll.dll+0xbbf2c]


---------------  P R O C E S S  ---------------

Threads class SMR info:
_java_thread_list=0x00000240ea7437c0, length=18, elements={
0x00000240848cf670, 0x00000240a4613720, 0x00000240a4616190, 0x00000240a4618f40,
0x00000240a461aae0, 0x00000240a4a902f0, 0x00000240a4a917f0, 0x00000240a461dc70,
0x00000240a4621130, 0x00000240a4b907c0, 0x00000240a4cb6810, 0x00000240a4cabf80,
0x00000240ea21a3c0, 0x00000240ea21efb0, 0x00000240ea91bcf0, 0x00000240ea937850,
0x00000240ebcf3ee0, 0x00000240ec615770
}

Java Threads: ( => current thread )
  0x00000240848cf670 JavaThread "main"                              [_thread_in_native, id=12856, stack(0x0000008e42200000,0x0000008e42300000) (1024K)]
  0x00000240a4613720 JavaThread "Reference Handler"          daemon [_thread_blocked, id=22764, stack(0x0000008e42a00000,0x0000008e42b00000) (1024K)]
  0x00000240a4616190 JavaThread "Finalizer"                  daemon [_thread_blocked, id=15828, stack(0x0000008e42b00000,0x0000008e42c00000) (1024K)]
  0x00000240a4618f40 JavaThread "Signal Dispatcher"          daemon [_thread_blocked, id=6260, stack(0x0000008e42c00000,0x0000008e42d00000) (1024K)]
  0x00000240a461aae0 JavaThread "Attach Listener"            daemon [_thread_blocked, id=20132, stack(0x0000008e42d00000,0x0000008e42e00000) (1024K)]
  0x00000240a4a902f0 JavaThread "Service Thread"             daemon [_thread_blocked, id=22688, stack(0x0000008e42e00000,0x0000008e42f00000) (1024K)]
  0x00000240a4a917f0 JavaThread "Monitor Deflation Thread"   daemon [_thread_blocked, id=22272, stack(0x0000008e42f00000,0x0000008e43000000) (1024K)]
=>0x00000240a461dc70 JavaThread "C2 CompilerThread0"         daemon [_thread_in_native, id=30804, stack(0x0000008e43000000,0x0000008e43100000) (1024K)]
  0x00000240a4621130 JavaThread "C1 CompilerThread0"         daemon [_thread_blocked, id=24468, stack(0x0000008e43100000,0x0000008e43200000) (1024K)]
  0x00000240a4b907c0 JavaThread "C1 CompilerThread1"         daemon [_thread_blocked, id=31604, stack(0x0000008e43200000,0x0000008e43300000) (1024K)]
  0x00000240a4cb6810 JavaThread "Notification Thread"        daemon [_thread_blocked, id=32976, stack(0x0000008e43300000,0x0000008e43400000) (1024K)]
  0x00000240a4cabf80 JavaThread "Common-Cleaner"             daemon [_thread_blocked, id=9412, stack(0x0000008e43400000,0x0000008e43500000) (1024K)]
  0x00000240ea21a3c0 JavaThread "C1 CompilerThread2"         daemon [_thread_blocked, id=25472, stack(0x0000008e43500000,0x0000008e43600000) (1024K)]
  0x00000240ea21efb0 JavaThread "C1 CompilerThread3"         daemon [_thread_blocked, id=13976, stack(0x0000008e43600000,0x0000008e43700000) (1024K)]
  0x00000240ea91bcf0 JavaThread "C2 CompilerThread1"         daemon [_thread_blocked, id=23008, stack(0x0000008e43700000,0x0000008e43800000) (1024K)]
  0x00000240ea937850 JavaThread "C2 CompilerThread2"         daemon [_thread_blocked, id=13156, stack(0x0000008e43800000,0x0000008e43900000) (1024K)]
  0x00000240ebcf3ee0 JavaThread "C2 CompilerThread3"         daemon [_thread_blocked, id=22636, stack(0x0000008e44400000,0x0000008e44500000) (1024K)]
  0x00000240ec615770 JavaThread "C2 CompilerThread4"         daemon [_thread_blocked, id=23004, stack(0x0000008e44500000,0x0000008e44600000) (1024K)]
Total: 18

Other Threads:
  0x00000240a45f5dc0 VMThread "VM Thread"                           [id=26336, stack(0x0000008e42900000,0x0000008e42a00000) (1024K)]
  0x00000240a45de3d0 WatcherThread "VM Periodic Task Thread"        [id=14436, stack(0x0000008e42800000,0x0000008e42900000) (1024K)]
  0x0000024084934ea0 WorkerThread "GC Thread#0"                     [id=25276, stack(0x0000008e42300000,0x0000008e42400000) (1024K)]
  0x00000240eac49710 WorkerThread "GC Thread#1"                     [id=2524, stack(0x0000008e43900000,0x0000008e43a00000) (1024K)]
  0x00000240eac49ab0 WorkerThread "GC Thread#2"                     [id=3780, stack(0x0000008e43a00000,0x0000008e43b00000) (1024K)]
  0x00000240eaca1660 WorkerThread "GC Thread#3"                     [id=2756, stack(0x0000008e43b00000,0x0000008e43c00000) (1024K)]
  0x00000240eaca1c10 WorkerThread "GC Thread#4"                     [id=12832, stack(0x0000008e43c00000,0x0000008e43d00000) (1024K)]
  0x00000240eac378a0 WorkerThread "GC Thread#5"                     [id=2924, stack(0x0000008e43d00000,0x0000008e43e00000) (1024K)]
  0x00000240eac37160 WorkerThread "GC Thread#6"                     [id=12744, stack(0x0000008e43e00000,0x0000008e43f00000) (1024K)]
  0x00000240eac37c40 WorkerThread "GC Thread#7"                     [id=11496, stack(0x0000008e43f00000,0x0000008e44000000) (1024K)]
  0x00000240eac37500 WorkerThread "GC Thread#8"                     [id=17420, stack(0x0000008e44000000,0x0000008e44100000) (1024K)]
  0x00000240eac36a20 WorkerThread "GC Thread#9"                     [id=15436, stack(0x0000008e44100000,0x0000008e44200000) (1024K)]
  0x00000240eac36dc0 WorkerThread "GC Thread#10"                    [id=8632, stack(0x0000008e44200000,0x0000008e44300000) (1024K)]
  0x00000240eb289eb0 WorkerThread "GC Thread#11"                    [id=5744, stack(0x0000008e44300000,0x0000008e44400000) (1024K)]
  0x00000240eb28b810 WorkerThread "GC Thread#12"                    [id=19984, stack(0x0000008e44600000,0x0000008e44700000) (1024K)]
  0x00000240eb289030 WorkerThread "GC Thread#13"                    [id=5828, stack(0x0000008e44700000,0x0000008e44800000) (1024K)]
  0x00000240eb28c690 WorkerThread "GC Thread#14"                    [id=32308, stack(0x0000008e44800000,0x0000008e44900000) (1024K)]
  0x00000240849459d0 ConcurrentGCThread "G1 Main Marker"            [id=9288, stack(0x0000008e42400000,0x0000008e42500000) (1024K)]
  0x00000240849464d0 WorkerThread "G1 Conc#0"                       [id=25324, stack(0x0000008e42500000,0x0000008e42600000) (1024K)]
  0x00000240eb2893d0 WorkerThread "G1 Conc#1"                       [id=27532, stack(0x0000008e44900000,0x0000008e44a00000) (1024K)]
  0x00000240eb289770 WorkerThread "G1 Conc#2"                       [id=20256, stack(0x0000008e44a00000,0x0000008e44b00000) (1024K)]
  0x00000240eb289b10 WorkerThread "G1 Conc#3"                       [id=23568, stack(0x0000008e44b00000,0x0000008e44c00000) (1024K)]
  0x00000240a44af510 ConcurrentGCThread "G1 Refine#0"               [id=8664, stack(0x0000008e42600000,0x0000008e42700000) (1024K)]
  0x00000240a44b1e30 ConcurrentGCThread "G1 Service"                [id=1860, stack(0x0000008e42700000,0x0000008e42800000) (1024K)]
Total: 24

Threads with active compile tasks:
C2 CompilerThread0     9540 7883       4       org.apache.maven.model.inheritance.DefaultInheritanceAssembler$InheritanceModelMerger::mergePluginContainer_Plugins (433 bytes)
Total: 1

VM state: not at safepoint (normal execution)

VM Mutex/Monitor currently owned by a thread: None

Heap address: 0x0000000704a00000, size: 4022 MB, Compressed Oops mode: Zero based, Oop shift amount: 3

CDS archive(s) mapped at: [0x00000240a5000000-0x00000240a5c90000-0x00000240a5c90000), size 13172736, SharedBaseAddress: 0x00000240a5000000, ArchiveRelocationMode: 1.
Compressed class space mapped at: 0x00000240a6000000-0x00000240e6000000, reserved size: 1073741824
Narrow klass base: 0x00000240a5000000, Narrow klass shift: 0, Narrow klass range: 0x100000000

GC Precious Log:
 CardTable entry size: 512
 Card Set container configuration: InlinePtr #cards 4 size 8 Array Of Cards #cards 16 size 48 Howl #buckets 8 coarsen threshold 3686 Howl Bitmap #cards 512 size 80 coarsen threshold 460 Card regions per heap region 1 cards per card region 4096
 CPUs: 20 total, 20 available
 Memory: 16081M
 Large Page Support: Disabled
 NUMA Support: Disabled
 Compressed Oops: Enabled (Zero based)
 Heap Region Size: 2M
 Heap Min Capacity: 8M
 Heap Initial Capacity: 252M
 Heap Max Capacity: 4022M
 Pre-touch: Disabled
 Parallel Workers: 15
 Concurrent Workers: 4
 Concurrent Refinement Workers: 15
 Periodic GC: Disabled

Heap:
 garbage-first heap   total 133120K, used 72777K [0x0000000704a00000, 0x0000000800000000)
  region size 2048K, 27 young (55296K), 4 survivors (8192K)
 Metaspace       used 30466K, committed 30848K, reserved 1114112K
  class space    used 3366K, committed 3520K, reserved 1048576K

Heap Regions: E=young(eden), S=young(survivor), O=old, HS=humongous(starts), HC=humongous(continues), CS=collection set, F=free, TAMS=top-at-mark-start, PB=parsable bottom
|   0|0x0000000704a00000, 0x0000000704c00000, 0x0000000704c00000|100%| O|  |TAMS 0x0000000704a00000| PB 0x0000000704a00000| Untracked 
|   1|0x0000000704c00000, 0x0000000704d96380, 0x0000000704e00000| 79%| O|Cm|TAMS 0x0000000704c00000| PB 0x0000000704c00000| Complete 
|   2|0x0000000704e00000, 0x0000000704e00000, 0x0000000705000000|  0%| F|  |TAMS 0x0000000704e00000| PB 0x0000000704e00000| Untracked 
|   3|0x0000000705000000, 0x0000000705000000, 0x0000000705200000|  0%| F|  |TAMS 0x0000000705000000| PB 0x0000000705000000| Untracked 
|   4|0x0000000705200000, 0x0000000705400000, 0x0000000705400000|100%|HS|  |TAMS 0x0000000705200000| PB 0x0000000705200000| Complete 
|   5|0x0000000705400000, 0x0000000705600000, 0x0000000705600000|100%|HC|  |TAMS 0x0000000705400000| PB 0x0000000705400000| Complete 
|   6|0x0000000705600000, 0x0000000705600000, 0x0000000705800000|  0%| F|  |TAMS 0x0000000705600000| PB 0x0000000705600000| Untracked 
|   7|0x0000000705800000, 0x0000000705800000, 0x0000000705a00000|  0%| F|  |TAMS 0x0000000705800000| PB 0x0000000705800000| Untracked 
|   8|0x0000000705a00000, 0x0000000705a00000, 0x0000000705c00000|  0%| F|  |TAMS 0x0000000705a00000| PB 0x0000000705a00000| Untracked 
|   9|0x0000000705c00000, 0x0000000705c00000, 0x0000000705e00000|  0%| F|  |TAMS 0x0000000705c00000| PB 0x0000000705c00000| Untracked 
|  10|0x0000000705e00000, 0x0000000705e00000, 0x0000000706000000|  0%| F|  |TAMS 0x0000000705e00000| PB 0x0000000705e00000| Untracked 
|  11|0x0000000706000000, 0x0000000706000000, 0x0000000706200000|  0%| F|  |TAMS 0x0000000706000000| PB 0x0000000706000000| Untracked 
|  12|0x0000000706200000, 0x0000000706200000, 0x0000000706400000|  0%| F|  |TAMS 0x0000000706200000| PB 0x0000000706200000| Untracked 
|  13|0x0000000706400000, 0x0000000706400000, 0x0000000706600000|  0%| F|  |TAMS 0x0000000706400000| PB 0x0000000706400000| Untracked 
|  14|0x0000000706600000, 0x0000000706600000, 0x0000000706800000|  0%| F|  |TAMS 0x0000000706600000| PB 0x0000000706600000| Untracked 
|  15|0x0000000706800000, 0x0000000706800000, 0x0000000706a00000|  0%| F|  |TAMS 0x0000000706800000| PB 0x0000000706800000| Untracked 
|  16|0x0000000706a00000, 0x0000000706a00000, 0x0000000706c00000|  0%| F|  |TAMS 0x0000000706a00000| PB 0x0000000706a00000| Untracked 
|  17|0x0000000706c00000, 0x0000000706c00000, 0x0000000706e00000|  0%| F|  |TAMS 0x0000000706c00000| PB 0x0000000706c00000| Untracked 
|  18|0x0000000706e00000, 0x0000000706e00000, 0x0000000707000000|  0%| F|  |TAMS 0x0000000706e00000| PB 0x0000000706e00000| Untracked 
|  19|0x0000000707000000, 0x0000000707000000, 0x0000000707200000|  0%| F|  |TAMS 0x0000000707000000| PB 0x0000000707000000| Untracked 
|  20|0x0000000707200000, 0x0000000707200000, 0x0000000707400000|  0%| F|  |TAMS 0x0000000707200000| PB 0x0000000707200000| Untracked 
|  21|0x0000000707400000, 0x0000000707400000, 0x0000000707600000|  0%| F|  |TAMS 0x0000000707400000| PB 0x0000000707400000| Untracked 
|  22|0x0000000707600000, 0x0000000707600000, 0x0000000707800000|  0%| F|  |TAMS 0x0000000707600000| PB 0x0000000707600000| Untracked 
|  23|0x0000000707800000, 0x0000000707800000, 0x0000000707a00000|  0%| F|  |TAMS 0x0000000707800000| PB 0x0000000707800000| Untracked 
|  24|0x0000000707a00000, 0x0000000707a00000, 0x0000000707c00000|  0%| F|  |TAMS 0x0000000707a00000| PB 0x0000000707a00000| Untracked 
|  25|0x0000000707c00000, 0x0000000707c00000, 0x0000000707e00000|  0%| F|  |TAMS 0x0000000707c00000| PB 0x0000000707c00000| Untracked 
|  26|0x0000000707e00000, 0x0000000707e00000, 0x0000000708000000|  0%| F|  |TAMS 0x0000000707e00000| PB 0x0000000707e00000| Untracked 
|  27|0x0000000708000000, 0x0000000708000000, 0x0000000708200000|  0%| F|  |TAMS 0x0000000708000000| PB 0x0000000708000000| Untracked 
|  28|0x0000000708200000, 0x0000000708200000, 0x0000000708400000|  0%| F|  |TAMS 0x0000000708200000| PB 0x0000000708200000| Untracked 
|  29|0x0000000708400000, 0x0000000708400000, 0x0000000708600000|  0%| F|  |TAMS 0x0000000708400000| PB 0x0000000708400000| Untracked 
|  30|0x0000000708600000, 0x0000000708600000, 0x0000000708800000|  0%| F|  |TAMS 0x0000000708600000| PB 0x0000000708600000| Untracked 
|  31|0x0000000708800000, 0x0000000708900800, 0x0000000708a00000| 50%| E|  |TAMS 0x0000000708800000| PB 0x0000000708800000| Complete 
|  32|0x0000000708a00000, 0x0000000708c00000, 0x0000000708c00000|100%| E|CS|TAMS 0x0000000708a00000| PB 0x0000000708a00000| Complete 
|  33|0x0000000708c00000, 0x0000000708e00000, 0x0000000708e00000|100%| E|CS|TAMS 0x0000000708c00000| PB 0x0000000708c00000| Complete 
|  34|0x0000000708e00000, 0x0000000709000000, 0x0000000709000000|100%| E|CS|TAMS 0x0000000708e00000| PB 0x0000000708e00000| Complete 
|  35|0x0000000709000000, 0x0000000709200000, 0x0000000709200000|100%| E|CS|TAMS 0x0000000709000000| PB 0x0000000709000000| Complete 
|  36|0x0000000709200000, 0x0000000709400000, 0x0000000709400000|100%| E|CS|TAMS 0x0000000709200000| PB 0x0000000709200000| Complete 
|  37|0x0000000709400000, 0x0000000709600000, 0x0000000709600000|100%| E|CS|TAMS 0x0000000709400000| PB 0x0000000709400000| Complete 
|  38|0x0000000709600000, 0x0000000709800000, 0x0000000709800000|100%| E|CS|TAMS 0x0000000709600000| PB 0x0000000709600000| Complete 
|  39|0x0000000709800000, 0x0000000709a00000, 0x0000000709a00000|100%| E|CS|TAMS 0x0000000709800000| PB 0x0000000709800000| Complete 
|  40|0x0000000709a00000, 0x0000000709c00000, 0x0000000709c00000|100%| E|CS|TAMS 0x0000000709a00000| PB 0x0000000709a00000| Complete 
|  41|0x0000000709c00000, 0x0000000709e00000, 0x0000000709e00000|100%| E|CS|TAMS 0x0000000709c00000| PB 0x0000000709c00000| Complete 
|  42|0x0000000709e00000, 0x000000070a000000, 0x000000070a000000|100%| E|CS|TAMS 0x0000000709e00000| PB 0x0000000709e00000| Complete 
|  43|0x000000070a000000, 0x000000070a200000, 0x000000070a200000|100%| E|CS|TAMS 0x000000070a000000| PB 0x000000070a000000| Complete 
|  44|0x000000070a200000, 0x000000070a400000, 0x000000070a400000|100%| S|CS|TAMS 0x000000070a200000| PB 0x000000070a200000| Complete 
|  45|0x000000070a400000, 0x000000070a600000, 0x000000070a600000|100%| E|CS|TAMS 0x000000070a400000| PB 0x000000070a400000| Complete 
|  46|0x000000070a600000, 0x000000070a800000, 0x000000070a800000|100%| E|CS|TAMS 0x000000070a600000| PB 0x000000070a600000| Complete 
|  47|0x000000070a800000, 0x000000070aa00000, 0x000000070aa00000|100%| E|CS|TAMS 0x000000070a800000| PB 0x000000070a800000| Complete 
|  48|0x000000070aa00000, 0x000000070ac00000, 0x000000070ac00000|100%| E|CS|TAMS 0x000000070aa00000| PB 0x000000070aa00000| Complete 
|  49|0x000000070ac00000, 0x000000070ae00000, 0x000000070ae00000|100%| E|CS|TAMS 0x000000070ac00000| PB 0x000000070ac00000| Complete 
|  50|0x000000070ae00000, 0x000000070b000000, 0x000000070b000000|100%| E|CS|TAMS 0x000000070ae00000| PB 0x000000070ae00000| Complete 
|  51|0x000000070b000000, 0x000000070b200000, 0x000000070b200000|100%| E|CS|TAMS 0x000000070b000000| PB 0x000000070b000000| Complete 
|  52|0x000000070b200000, 0x000000070b400000, 0x000000070b400000|100%| E|CS|TAMS 0x000000070b200000| PB 0x000000070b200000| Complete 
|  53|0x000000070b400000, 0x000000070b600000, 0x000000070b600000|100%| E|CS|TAMS 0x000000070b400000| PB 0x000000070b400000| Complete 
|  54|0x000000070b600000, 0x000000070b800000, 0x000000070b800000|100%| S|CS|TAMS 0x000000070b600000| PB 0x000000070b600000| Complete 
|  55|0x000000070b800000, 0x000000070ba00000, 0x000000070ba00000|100%| S|CS|TAMS 0x000000070b800000| PB 0x000000070b800000| Complete 
|  56|0x000000070ba00000, 0x000000070bab2cd8, 0x000000070bc00000| 34%| S|CS|TAMS 0x000000070ba00000| PB 0x000000070ba00000| Complete 
| 125|0x0000000714400000, 0x0000000714600000, 0x0000000714600000|100%| E|CS|TAMS 0x0000000714400000| PB 0x0000000714400000| Complete 
|2004|0x00000007ff200000, 0x00000007ff2c9500, 0x00000007ff400000| 39%| O|  |TAMS 0x00000007ff200000| PB 0x00000007ff200000| Untracked 
|2005|0x00000007ff400000, 0x00000007ff600000, 0x00000007ff600000|100%| O|  |TAMS 0x00000007ff400000| PB 0x00000007ff400000| Untracked 
|2006|0x00000007ff600000, 0x00000007ff800000, 0x00000007ff800000|100%| O|  |TAMS 0x00000007ff600000| PB 0x00000007ff600000| Untracked 
|2007|0x00000007ff800000, 0x00000007ffa00000, 0x00000007ffa00000|100%| O|  |TAMS 0x00000007ff800000| PB 0x00000007ff800000| Untracked 
|2008|0x00000007ffa00000, 0x00000007ffc00000, 0x00000007ffc00000|100%| O|  |TAMS 0x00000007ffa00000| PB 0x00000007ffa00000| Untracked 
|2009|0x00000007ffc00000, 0x00000007ffe00000, 0x00000007ffe00000|100%| O|  |TAMS 0x00000007ffc00000| PB 0x00000007ffc00000| Untracked 
|2010|0x00000007ffe00000, 0x0000000800000000, 0x0000000800000000|100%| O|  |TAMS 0x00000007ffe00000| PB 0x00000007ffe00000| Untracked 

Card table byte_map: [0x000002409cfa0000,0x000002409d780000] _byte_map_base: 0x000002409977b000

Marking Bits: (CMBitMap*) 0x00000240849355a0
 Bits: [0x000002409d780000, 0x00000240a1658000)

Polling page: 0x0000024082790000

Metaspace:

Usage:
  Non-class:     26.46 MB used.
      Class:      3.29 MB used.
       Both:     29.75 MB used.

Virtual space:
  Non-class space:       64.00 MB reserved,      26.69 MB ( 42%) committed,  1 nodes.
      Class space:        1.00 GB reserved,       3.44 MB ( <1%) committed,  1 nodes.
             Both:        1.06 GB reserved,      30.12 MB (  3%) committed. 

Chunk freelists:
   Non-Class:  4.85 MB
       Class:  12.50 MB
        Both:  17.35 MB

MaxMetaspaceSize: unlimited
CompressedClassSpaceSize: 1.00 GB
Initial GC threshold: 21.00 MB
Current GC threshold: 35.25 MB
CDS: on
 - commit_granule_bytes: 65536.
 - commit_granule_words: 8192.
 - virtual_space_node_default_size: 8388608.
 - enlarge_chunks_in_place: 1.
 - use_allocation_guard: 0.


Internal statistics:

num_allocs_failed_limit: 3.
num_arena_births: 342.
num_arena_deaths: 0.
num_vsnodes_births: 2.
num_vsnodes_deaths: 0.
num_space_committed: 482.
num_space_uncommitted: 0.
num_chunks_returned_to_freelist: 3.
num_chunks_taken_from_freelist: 1432.
num_chunk_merges: 3.
num_chunk_splits: 1011.
num_chunks_enlarged: 802.
num_inconsistent_stats: 0.

CodeHeap 'non-profiled nmethods': size=119168Kb used=4521Kb max_used=4521Kb free=114646Kb
 bounds [0x00000240948c0000, 0x0000024094d30000, 0x000002409bd20000]
CodeHeap 'profiled nmethods': size=119104Kb used=19762Kb max_used=19762Kb free=99342Kb
 bounds [0x000002408cd20000, 0x000002408e070000, 0x0000024094170000]
CodeHeap 'non-nmethods': size=7488Kb used=3147Kb max_used=3242Kb free=4340Kb
 bounds [0x0000024094170000, 0x00000240944a0000, 0x00000240948c0000]
 total_blobs=8710 nmethods=8166 adapters=445
 compilation: enabled
              stopped_count=0, restarted_count=0
 full_count=0

Compilation events (20 events):
Event: 8.176 Thread 0x00000240ea21efb0 nmethod 8157 0x000002408e063390 code [0x000002408e063520, 0x000002408e063690]
Event: 8.176 Thread 0x00000240a4621130 nmethod 8159 0x000002408e063710 code [0x000002408e0638c0, 0x000002408e063a18]
Event: 8.177 Thread 0x00000240a4b907c0 nmethod 8158 0x000002408e063b10 code [0x000002408e064100, 0x000002408e0673b0]
Event: 8.178 Thread 0x00000240ebcf3ee0 nmethod 8156 0x0000024094d18610 code [0x0000024094d187c0, 0x0000024094d18b18]
Event: 8.185 Thread 0x00000240a4b907c0 8160       3       java.lang.ProcessEnvironment$CheckedEntry::getKey (5 bytes)
Event: 8.185 Thread 0x00000240ea21a3c0 8161       3       java.lang.ProcessEnvironment$CheckedEntry::getKey (13 bytes)
Event: 8.185 Thread 0x00000240ea21efb0 8162       3       java.lang.ProcessEnvironment$NameComparator::compare (90 bytes)
Event: 8.185 Thread 0x00000240a4b907c0 nmethod 8160 0x000002408e068690 code [0x000002408e068860, 0x000002408e068ba0]
Event: 8.185 Thread 0x00000240ea21a3c0 nmethod 8161 0x000002408e068c90 code [0x000002408e068e40, 0x000002408e069110]
Event: 8.185 Thread 0x00000240a4621130 8163       3       java.lang.ProcessEnvironment$EntryComparator::compare (13 bytes)
Event: 8.185 Thread 0x00000240a4b907c0 8164       3       java.lang.ProcessEnvironment$EntryComparator::compare (25 bytes)
Event: 8.185 Thread 0x00000240a4b907c0 nmethod 8164 0x000002408e069210 code [0x000002408e069400, 0x000002408e0698e0]
Event: 8.185 Thread 0x00000240a4621130 nmethod 8163 0x000002408e069a90 code [0x000002408e069ca0, 0x000002408e06a3f8]
Event: 8.186 Thread 0x00000240ea21efb0 nmethod 8162 0x000002408e06a590 code [0x000002408e06a8a0, 0x000002408e06bb40]
Event: 8.194 Thread 0x00000240a4621130 8167       3       java.util.concurrent.ConcurrentHashMap::<init> (5 bytes)
Event: 8.194 Thread 0x00000240a4621130 nmethod 8167 0x000002408e06c390 code [0x000002408e06c540, 0x000002408e06c708]
Event: 8.204 Thread 0x00000240ea21a3c0 8169       1       java.util.logging.Logger::getName (5 bytes)
Event: 8.204 Thread 0x00000240ea21a3c0 nmethod 8169 0x0000024094d19710 code [0x0000024094d198a0, 0x0000024094d19970]
Event: 8.211 Thread 0x00000240ec615770 nmethod 8108 0x0000024094d19a10 code [0x0000024094d1a0a0, 0x0000024094d1f520]
Event: 8.219 Thread 0x00000240ea91bcf0 nmethod 8143 0x0000024094d22590 code [0x0000024094d22a60, 0x0000024094d26ab8]

GC Heap History (8 events):
Event: 2.450 GC heap before
{Heap before GC invocations=0 (full 0):
 garbage-first heap   total 258048K, used 22528K [0x0000000704a00000, 0x0000000800000000)
  region size 2048K, 11 young (22528K), 0 survivors (0K)
 Metaspace       used 5774K, committed 5952K, reserved 1114112K
  class space    used 661K, committed 768K, reserved 1048576K
}
Event: 2.453 GC heap after
{Heap after GC invocations=1 (full 0):
 garbage-first heap   total 258048K, used 4096K [0x0000000704a00000, 0x0000000800000000)
  region size 2048K, 2 young (4096K), 2 survivors (4096K)
 Metaspace       used 5774K, committed 5952K, reserved 1114112K
  class space    used 661K, committed 768K, reserved 1048576K
}
Event: 2.911 GC heap before
{Heap before GC invocations=1 (full 0):
 garbage-first heap   total 258048K, used 36864K [0x0000000704a00000, 0x0000000800000000)
  region size 2048K, 18 young (36864K), 2 survivors (4096K)
 Metaspace       used 10669K, committed 10816K, reserved 1114112K
  class space    used 1268K, committed 1344K, reserved 1048576K
}
Event: 2.914 GC heap after
{Heap after GC invocations=2 (full 0):
 garbage-first heap   total 258048K, used 5932K [0x0000000704a00000, 0x0000000800000000)
  region size 2048K, 2 young (4096K), 2 survivors (4096K)
 Metaspace       used 10669K, committed 10816K, reserved 1114112K
  class space    used 1268K, committed 1344K, reserved 1048576K
}
Event: 6.425 GC heap before
{Heap before GC invocations=2 (full 0):
 garbage-first heap   total 258048K, used 155436K [0x0000000704a00000, 0x0000000800000000)
  region size 2048K, 72 young (147456K), 2 survivors (4096K)
 Metaspace       used 21192K, committed 21504K, reserved 1114112K
  class space    used 2409K, committed 2560K, reserved 1048576K
}
Event: 6.432 GC heap after
{Heap after GC invocations=3 (full 0):
 garbage-first heap   total 258048K, used 29423K [0x0000000704a00000, 0x0000000800000000)
  region size 2048K, 9 young (18432K), 9 survivors (18432K)
 Metaspace       used 21192K, committed 21504K, reserved 1114112K
  class space    used 2409K, committed 2560K, reserved 1048576K
}
Event: 7.727 GC heap before
{Heap before GC invocations=4 (full 0):
 garbage-first heap   total 110592K, used 109295K [0x0000000704a00000, 0x0000000800000000)
  region size 2048K, 48 young (98304K), 9 survivors (18432K)
 Metaspace       used 29418K, committed 29824K, reserved 1114112K
  class space    used 3258K, committed 3456K, reserved 1048576K
}
Event: 7.739 GC heap after
{Heap after GC invocations=5 (full 0):
 garbage-first heap   total 133120K, used 27721K [0x0000000704a00000, 0x0000000800000000)
  region size 2048K, 4 young (8192K), 4 survivors (8192K)
 Metaspace       used 29418K, committed 29824K, reserved 1114112K
  class space    used 3258K, committed 3456K, reserved 1048576K
}

Dll operation events (8 events):
Event: 0.005 Loaded shared library C:\Program Files\Java\jdk-21\bin\java.dll
Event: 0.026 Loaded shared library C:\Program Files\Java\jdk-21\bin\jsvml.dll
Event: 0.035 Loaded shared library C:\Program Files\Java\jdk-21\bin\net.dll
Event: 0.036 Loaded shared library C:\Program Files\Java\jdk-21\bin\nio.dll
Event: 0.037 Loaded shared library C:\Program Files\Java\jdk-21\bin\zip.dll
Event: 1.119 Loaded shared library C:\Program Files\Java\jdk-21\bin\jimage.dll
Event: 1.136 Loaded shared library C:\Maven\apache-maven-3.9.6\lib\jansi-native\Windows\x86_64\jansi.dll
Event: 1.148 Loaded shared library C:\Program Files\Java\jdk-21\bin\verify.dll

Deoptimization events (20 events):
Event: 8.141 Thread 0x00000240848cf670 DEOPT PACKING pc=0x00000240949c3068 sp=0x0000008e422fdf40
Event: 8.141 Thread 0x00000240848cf670 DEOPT UNPACKING pc=0x00000240941c46a2 sp=0x0000008e422fde88 mode 2
Event: 8.147 Thread 0x00000240848cf670 DEOPT PACKING pc=0x000002408d86f485 sp=0x0000008e422fd9f0
Event: 8.147 Thread 0x00000240848cf670 DEOPT UNPACKING pc=0x00000240941c4e42 sp=0x0000008e422fcfb0 mode 0
Event: 8.150 Thread 0x00000240848cf670 DEOPT PACKING pc=0x000002408d86f485 sp=0x0000008e422fd9f0
Event: 8.150 Thread 0x00000240848cf670 DEOPT UNPACKING pc=0x00000240941c4e42 sp=0x0000008e422fcfb0 mode 0
Event: 8.159 Thread 0x00000240848cf670 DEOPT PACKING pc=0x000002408d86f485 sp=0x0000008e422fd9f0
Event: 8.159 Thread 0x00000240848cf670 DEOPT UNPACKING pc=0x00000240941c4e42 sp=0x0000008e422fcfb0 mode 0
Event: 8.183 Thread 0x00000240848cf670 Uncommon trap: trap_request=0xffffffde fr.pc=0x0000024094b1ef94 relative=0x0000000000000074
Event: 8.183 Thread 0x00000240848cf670 Uncommon trap: reason=class_check action=maybe_recompile pc=0x0000024094b1ef94 method=java.util.Collections$UnmodifiableMap.size()I @ 4 c2
Event: 8.183 Thread 0x00000240848cf670 DEOPT PACKING pc=0x0000024094b1ef94 sp=0x0000008e422fe020
Event: 8.183 Thread 0x00000240848cf670 DEOPT UNPACKING pc=0x00000240941c46a2 sp=0x0000008e422fdfa8 mode 2
Event: 8.185 Thread 0x00000240848cf670 Uncommon trap: trap_request=0xffffffbe fr.pc=0x00000240949ae8dc relative=0x000000000000113c
Event: 8.185 Thread 0x00000240848cf670 Uncommon trap: reason=profile_predicate action=maybe_recompile pc=0x00000240949ae8dc method=java.util.TimSort.binarySort([Ljava/lang/Object;IIILjava/util/Comparator;)V @ 34 c2
Event: 8.185 Thread 0x00000240848cf670 DEOPT PACKING pc=0x00000240949ae8dc sp=0x0000008e422fdbd0
Event: 8.185 Thread 0x00000240848cf670 DEOPT UNPACKING pc=0x00000240941c46a2 sp=0x0000008e422fdba0 mode 2
Event: 8.185 Thread 0x00000240848cf670 Uncommon trap: trap_request=0xffffffbe fr.pc=0x00000240949ae8dc relative=0x000000000000113c
Event: 8.185 Thread 0x00000240848cf670 Uncommon trap: reason=profile_predicate action=maybe_recompile pc=0x00000240949ae8dc method=java.util.TimSort.binarySort([Ljava/lang/Object;IIILjava/util/Comparator;)V @ 34 c2
Event: 8.185 Thread 0x00000240848cf670 DEOPT PACKING pc=0x00000240949ae8dc sp=0x0000008e422fdbd0
Event: 8.185 Thread 0x00000240848cf670 DEOPT UNPACKING pc=0x00000240941c46a2 sp=0x0000008e422fdba0 mode 2

Classes loaded (20 events):
Event: 8.197 Loading class jdk/internal/logger/LazyLoggers$1
Event: 8.197 Loading class jdk/internal/logger/LazyLoggers$1 done
Event: 8.197 Loading class jdk/internal/logger/LazyLoggers$LazyLoggerFactories
Event: 8.197 Loading class jdk/internal/logger/LazyLoggers$LazyLoggerFactories done
Event: 8.198 Loading class jdk/internal/logger/LoggerFinderLoader
Event: 8.204 Loading class jdk/internal/logger/LoggerFinderLoader done
Event: 8.204 Loading class sun/util/logging/internal/LoggingProviderImpl$JULWrapper
Event: 8.207 Loading class sun/util/logging/PlatformLogger$ConfigurableBridge$LoggerConfiguration
Event: 8.207 Loading class sun/util/logging/PlatformLogger$ConfigurableBridge$LoggerConfiguration done
Event: 8.207 Loading class sun/util/logging/internal/LoggingProviderImpl$JULWrapper done
Event: 8.207 Loading class java/lang/System$Logger$Level
Event: 8.208 Loading class java/lang/System$Logger$Level done
Event: 8.208 Loading class sun/misc/Signal
Event: 8.209 Loading class sun/misc/Signal done
Event: 8.209 Loading class sun/misc/SignalHandler
Event: 8.209 Loading class sun/misc/SignalHandler done
Event: 8.209 Loading class sun/misc/Signal$InternalMiscHandler
Event: 8.209 Loading class sun/misc/Signal$InternalMiscHandler done
Event: 8.209 Loading class sun/misc/Signal$SunMiscHandler
Event: 8.209 Loading class sun/misc/Signal$SunMiscHandler done

Classes unloaded (0 events):
No events

Classes redefined (0 events):
No events

Internal exceptions (20 events):
Event: 7.499 Thread 0x00000240848cf670 Exception <a 'sun/nio/fs/WindowsException'{0x00000007065f7a58}> (0x00000007065f7a58) 
thrown [s\open\src\hotspot\share\prims\jni.cpp, line 520]
Event: 7.504 Thread 0x00000240848cf670 Exception <a 'sun/nio/fs/WindowsException'{0x0000000706217798}> (0x0000000706217798) 
thrown [s\open\src\hotspot\share\prims\jni.cpp, line 520]
Event: 7.509 Thread 0x00000240848cf670 Exception <a 'sun/nio/fs/WindowsException'{0x000000070624abc8}> (0x000000070624abc8) 
thrown [s\open\src\hotspot\share\prims\jni.cpp, line 520]
Event: 7.509 Thread 0x00000240848cf670 Exception <a 'sun/nio/fs/WindowsException'{0x000000070625b518}> (0x000000070625b518) 
thrown [s\open\src\hotspot\share\prims\jni.cpp, line 520]
Event: 7.510 Thread 0x00000240848cf670 Exception <a 'sun/nio/fs/WindowsException'{0x0000000706283110}> (0x0000000706283110) 
thrown [s\open\src\hotspot\share\prims\jni.cpp, line 520]
Event: 7.510 Thread 0x00000240848cf670 Exception <a 'sun/nio/fs/WindowsException'{0x0000000706284468}> (0x0000000706284468) 
thrown [s\open\src\hotspot\share\prims\jni.cpp, line 520]
Event: 7.520 Thread 0x00000240848cf670 Exception <a 'sun/nio/fs/WindowsException'{0x00000007062e88d0}> (0x00000007062e88d0) 
thrown [s\open\src\hotspot\share\prims\jni.cpp, line 520]
Event: 7.520 Thread 0x00000240848cf670 Exception <a 'sun/nio/fs/WindowsException'{0x00000007062ef4e8}> (0x00000007062ef4e8) 
thrown [s\open\src\hotspot\share\prims\jni.cpp, line 520]
Event: 7.521 Thread 0x00000240848cf670 Exception <a 'sun/nio/fs/WindowsException'{0x00000007062fdb98}> (0x00000007062fdb98) 
thrown [s\open\src\hotspot\share\prims\jni.cpp, line 520]
Event: 7.521 Thread 0x00000240848cf670 Exception <a 'sun/nio/fs/WindowsException'{0x00000007062ff140}> (0x00000007062ff140) 
thrown [s\open\src\hotspot\share\prims\jni.cpp, line 520]
Event: 7.544 Thread 0x00000240848cf670 Exception <a 'sun/nio/fs/WindowsException'{0x00000007063f4b08}> (0x00000007063f4b08) 
thrown [s\open\src\hotspot\share\prims\jni.cpp, line 520]
Event: 7.560 Thread 0x00000240848cf670 Exception <a 'sun/nio/fs/WindowsException'{0x00000007060acf40}> (0x00000007060acf40) 
thrown [s\open\src\hotspot\share\prims\jni.cpp, line 520]
Event: 7.572 Thread 0x00000240848cf670 Exception <a 'sun/nio/fs/WindowsException'{0x00000007061957a8}> (0x00000007061957a8) 
thrown [s\open\src\hotspot\share\prims\jni.cpp, line 520]
Event: 7.629 Thread 0x00000240848cf670 Exception <a 'sun/nio/fs/WindowsException'{0x0000000705ee3a58}> (0x0000000705ee3a58) 
thrown [s\open\src\hotspot\share\prims\jni.cpp, line 520]
Event: 7.642 Thread 0x00000240848cf670 Implicit null exception at 0x0000024094b0c5a6 to 0x0000024094b0da44
Event: 8.129 Thread 0x00000240848cf670 Exception <a 'java/lang/NoClassDefFoundError'{0x0000000709004970}: org/sonatype/aether/version/VersionConstraint> (0x0000000709004970) 
thrown [s\open\src\hotspot\share\classfile\systemDictionary.cpp, line 301]
Event: 8.192 Thread 0x00000240848cf670 Exception <a 'java/lang/NoSuchMethodError'{0x0000000708be6f60}: 'void java.lang.invoke.DirectMethodHandle$Holder.invokeStatic(java.lang.Object, long)'> (0x0000000708be6f60) 
thrown [s\open\src\hotspot\share\interpreter\linkResolver.cpp, line 773]
Event: 8.193 Thread 0x00000240848cf670 Exception <a 'java/lang/NoSuchMethodError'{0x0000000708bebce8}: 'java.lang.Object java.lang.invoke.DirectMethodHandle$Holder.newInvokeSpecial(java.lang.Object, long)'> (0x0000000708bebce8) 
thrown [s\open\src\hotspot\share\interpreter\linkResolver.cpp, line 773]
Event: 8.194 Thread 0x00000240848cf670 Exception <a 'java/lang/NoSuchMethodError'{0x0000000708bf27f8}: 'java.lang.Object java.lang.invoke.DirectMethodHandle$Holder.invokeStatic(java.lang.Object, long, java.lang.Object)'> (0x0000000708bf27f8) 
thrown [s\open\src\hotspot\share\interpreter\linkResolver.cpp, line 773]
Event: 8.194 Thread 0x00000240848cf670 Exception <a 'java/lang/NoSuchMethodError'{0x0000000708bf5f80}: 'java.lang.Object java.lang.invoke.DirectMethodHandle$Holder.invokeStaticInit(java.lang.Object, long, java.lang.Object)'> (0x0000000708bf5f80) 
thrown [s\open\src\hotspot\share\interpreter\linkResolver.cpp, line 773]

ZGC Phase Switch (0 events):
No events

VM Operations (20 events):
Event: 7.330 Executing VM operation: HandshakeAllThreads (Deoptimize)
Event: 7.330 Executing VM operation: HandshakeAllThreads (Deoptimize) done
Event: 7.337 Executing VM operation: HandshakeAllThreads (Deoptimize)
Event: 7.338 Executing VM operation: HandshakeAllThreads (Deoptimize) done
Event: 7.338 Executing VM operation: HandshakeAllThreads (Deoptimize)
Event: 7.338 Executing VM operation: HandshakeAllThreads (Deoptimize) done
Event: 7.350 Executing VM operation: ICBufferFull
Event: 7.350 Executing VM operation: ICBufferFull done
Event: 7.400 Executing VM operation: ICBufferFull
Event: 7.400 Executing VM operation: ICBufferFull done
Event: 7.444 Executing VM operation: ICBufferFull
Event: 7.445 Executing VM operation: ICBufferFull done
Event: 7.500 Executing VM operation: ICBufferFull
Event: 7.500 Executing VM operation: ICBufferFull done
Event: 7.553 Executing VM operation: ICBufferFull
Event: 7.553 Executing VM operation: ICBufferFull done
Event: 7.727 Executing VM operation: G1CollectForAllocation (G1 Evacuation Pause)
Event: 7.739 Executing VM operation: G1CollectForAllocation (G1 Evacuation Pause) done
Event: 8.753 Executing VM operation: Cleanup
Event: 8.753 Executing VM operation: Cleanup done

Events (20 events):
Event: 0.025 Thread 0x00000240a4616190 Thread added: 0x00000240a4616190
Event: 0.025 Thread 0x00000240a4618f40 Thread added: 0x00000240a4618f40
Event: 0.025 Thread 0x00000240a461aae0 Thread added: 0x00000240a461aae0
Event: 0.025 Thread 0x00000240a4a902f0 Thread added: 0x00000240a4a902f0
Event: 0.025 Thread 0x00000240a4a917f0 Thread added: 0x00000240a4a917f0
Event: 0.025 Thread 0x00000240a461dc70 Thread added: 0x00000240a461dc70
Event: 0.025 Thread 0x00000240a4621130 Thread added: 0x00000240a4621130
Event: 0.027 Thread 0x00000240a4b907c0 Thread added: 0x00000240a4b907c0
Event: 0.032 Thread 0x00000240a4cb6810 Thread added: 0x00000240a4cb6810
Event: 0.033 Thread 0x00000240a4cabf80 Thread added: 0x00000240a4cabf80
Event: 2.241 Thread 0x00000240ea21a3c0 Thread added: 0x00000240ea21a3c0
Event: 2.241 Thread 0x00000240ea21efb0 Thread added: 0x00000240ea21efb0
Event: 2.427 Thread 0x00000240ea91bcf0 Thread added: 0x00000240ea91bcf0
Event: 2.427 Thread 0x00000240ea937850 Thread added: 0x00000240ea937850
Event: 6.355 Thread 0x00000240ea937850 Thread exited: 0x00000240ea937850
Event: 6.367 Thread 0x00000240ea937850 Thread added: 0x00000240ea937850
Event: 6.367 Thread 0x00000240ebcf3ee0 Thread added: 0x00000240ebcf3ee0
Event: 6.367 Thread 0x00000240eb6db380 Thread added: 0x00000240eb6db380
Event: 6.543 Thread 0x00000240eb6db380 Thread exited: 0x00000240eb6db380
Event: 6.745 Thread 0x00000240ec615770 Thread added: 0x00000240ec615770


Dynamic libraries:
0x00007ff75e740000 - 0x00007ff75e750000 	C:\Program Files\Java\jdk-21\bin\java.exe
0x00007ff9cb960000 - 0x00007ff9cbbc3000 	C:\WINDOWS\SYSTEM32\ntdll.dll
0x00007ff9a9380000 - 0x00007ff9a939a000 	C:\Program Files\Norton\Suite\aswhook.dll
0x00007ff9ca990000 - 0x00007ff9caa57000 	C:\WINDOWS\System32\KERNEL32.DLL
0x00007ff9c91c0000 - 0x00007ff9c9587000 	C:\WINDOWS\System32\KERNELBASE.dll
0x00007ff9c8dc0000 - 0x00007ff9c8f0c000 	C:\WINDOWS\System32\ucrtbase.dll
0x00007ff9a3680000 - 0x00007ff9a3699000 	C:\Program Files\Java\jdk-21\bin\jli.dll
0x00007ff9ca410000 - 0x00007ff9ca4c4000 	C:\WINDOWS\System32\ADVAPI32.dll
0x00007ff9ca550000 - 0x00007ff9ca5f9000 	C:\WINDOWS\System32\msvcrt.dll
0x00007ff9cb7b0000 - 0x00007ff9cb856000 	C:\WINDOWS\System32\sechost.dll
0x00007ff9cb690000 - 0x00007ff9cb7a6000 	C:\WINDOWS\System32\RPCRT4.dll
0x00007ff9cb2b0000 - 0x00007ff9cb479000 	C:\WINDOWS\System32\USER32.dll
0x00007ff9c8f10000 - 0x00007ff9c8f37000 	C:\WINDOWS\System32\win32u.dll
0x00007ff9caa60000 - 0x00007ff9caa8a000 	C:\WINDOWS\System32\GDI32.dll
0x00007ff9c8fe0000 - 0x00007ff9c910b000 	C:\WINDOWS\System32\gdi32full.dll
0x00007ff9c9110000 - 0x00007ff9c91b3000 	C:\WINDOWS\System32\msvcp_win.dll
0x00007ff9a2940000 - 0x00007ff9a295b000 	C:\Program Files\Java\jdk-21\bin\VCRUNTIME140.dll
0x00007ff9b15c0000 - 0x00007ff9b1850000 	C:\WINDOWS\WinSxS\amd64_microsoft.windows.common-controls_6595b64144ccf1df_6.0.26100.3037_none_3e09262ce333c378\COMCTL32.dll
0x00007ff9bf290000 - 0x00007ff9bf29b000 	C:\WINDOWS\SYSTEM32\VERSION.dll
0x00007ff9c97a0000 - 0x00007ff9c97cf000 	C:\WINDOWS\System32\IMM32.DLL
0x00007ff9b1020000 - 0x00007ff9b102c000 	C:\Program Files\Java\jdk-21\bin\vcruntime140_1.dll
0x00007ff99c700000 - 0x00007ff99c78e000 	C:\Program Files\Java\jdk-21\bin\msvcp140.dll
0x00007ff8f8c90000 - 0x00007ff8f99a5000 	C:\Program Files\Java\jdk-21\bin\server\jvm.dll
0x00007ff9cb8a0000 - 0x00007ff9cb914000 	C:\WINDOWS\System32\WS2_32.dll
0x00007ff9c79c0000 - 0x00007ff9c7a0e000 	C:\WINDOWS\SYSTEM32\POWRPROF.dll
0x00007ff9c2b60000 - 0x00007ff9c2b96000 	C:\WINDOWS\SYSTEM32\WINMM.dll
0x00007ff9c79a0000 - 0x00007ff9c79b4000 	C:\WINDOWS\SYSTEM32\UMPDC.dll
0x00007ff9c7ba0000 - 0x00007ff9c7bba000 	C:\WINDOWS\SYSTEM32\kernel.appcore.dll
0x00007ff9a5ab0000 - 0x00007ff9a5aba000 	C:\Program Files\Java\jdk-21\bin\jimage.dll
0x00007ff9c6fd0000 - 0x00007ff9c7211000 	C:\WINDOWS\SYSTEM32\DBGHELP.DLL
0x00007ff9ca600000 - 0x00007ff9ca97e000 	C:\WINDOWS\System32\combase.dll
0x00007ff9c9ad0000 - 0x00007ff9c9ba6000 	C:\WINDOWS\System32\OLEAUT32.dll
0x00007ff9c2ae0000 - 0x00007ff9c2b19000 	C:\WINDOWS\SYSTEM32\dbgcore.DLL
0x00007ff9c8f40000 - 0x00007ff9c8fd9000 	C:\WINDOWS\System32\bcryptPrimitives.dll
0x00007ff9a28b0000 - 0x00007ff9a28cf000 	C:\Program Files\Java\jdk-21\bin\java.dll
0x00007ff9c9d00000 - 0x00007ff9ca404000 	C:\WINDOWS\System32\SHELL32.dll
0x00007ff9c6500000 - 0x00007ff9c6d37000 	C:\WINDOWS\SYSTEM32\windows.storage.dll
0x00007ff9c9bb0000 - 0x00007ff9c9c99000 	C:\WINDOWS\System32\SHCORE.dll
0x00007ff9c9ca0000 - 0x00007ff9c9cfd000 	C:\WINDOWS\System32\shlwapi.dll
0x00007ff9c8c10000 - 0x00007ff9c8c3e000 	C:\WINDOWS\SYSTEM32\profapi.dll
0x00007ff992ef0000 - 0x00007ff992fc7000 	C:\Program Files\Java\jdk-21\bin\jsvml.dll
0x00007ff9a2930000 - 0x00007ff9a2940000 	C:\Program Files\Java\jdk-21\bin\net.dll
0x00007ff9be210000 - 0x00007ff9be32e000 	C:\WINDOWS\SYSTEM32\WINHTTP.dll
0x00007ff9c8150000 - 0x00007ff9c81ba000 	C:\WINDOWS\system32\mswsock.dll
0x00007ff9a2830000 - 0x00007ff9a2846000 	C:\Program Files\Java\jdk-21\bin\nio.dll
0x00007ff9a2590000 - 0x00007ff9a25a8000 	C:\Program Files\Java\jdk-21\bin\zip.dll
0x0000000069ac0000 - 0x0000000069ae4000 	C:\Maven\apache-maven-3.9.6\lib\jansi-native\Windows\x86_64\jansi.dll
0x00007ff9a2820000 - 0x00007ff9a2830000 	C:\Program Files\Java\jdk-21\bin\verify.dll
0x00007ff9c7d60000 - 0x00007ff9c7d95000 	C:\WINDOWS\SYSTEM32\ntmarta.dll

dbghelp: loaded successfully - version: 4.0.5 - missing functions: none
symbol engine: initialized successfully - sym options: 0x614 - pdb path: .;C:\Program Files\Java\jdk-21\bin;C:\WINDOWS\SYSTEM32;C:\Program Files\Norton\Suite;C:\WINDOWS\WinSxS\amd64_microsoft.windows.common-controls_6595b64144ccf1df_6.0.26100.3037_none_3e09262ce333c378;C:\Program Files\Java\jdk-21\bin\server;C:\Maven\apache-maven-3.9.6\lib\jansi-native\Windows\x86_64

VM Arguments:
jvm_args: -Dclassworlds.conf=C:/Maven/apache-maven-3.9.6/bin/m2.conf -Dmaven.home=C:/Maven/apache-maven-3.9.6 -Dlibrary.jansi.path=C:/Maven/apache-maven-3.9.6/lib/jansi-native -Dmaven.multiModuleProjectDirectory=C:/Users/alici/Documents/Software _Masters/MSSE692/TravelPlanner 
java_command: org.codehaus.plexus.classworlds.launcher.Launcher clean spring-boot:run
java_class_path (initial): C:/Maven/apache-maven-3.9.6/boot/plexus-classworlds-2.7.0.jar
Launcher Type: SUN_STANDARD

[Global flags]
     intx CICompilerCount                          = 12                                        {product} {ergonomic}
     uint ConcGCThreads                            = 4                                         {product} {ergonomic}
     uint G1ConcRefinementThreads                  = 15                                        {product} {ergonomic}
   size_t G1HeapRegionSize                         = 2097152                                   {product} {ergonomic}
    uintx GCDrainStackTargetSize                   = 64                                        {product} {ergonomic}
   size_t InitialHeapSize                          = 264241152                                 {product} {ergonomic}
   size_t MarkStackSize                            = 4194304                                   {product} {ergonomic}
   size_t MaxHeapSize                              = 4217372672                                {product} {ergonomic}
   size_t MaxNewSize                               = 2529165312                                {product} {ergonomic}
   size_t MinHeapDeltaBytes                        = 2097152                                   {product} {ergonomic}
   size_t MinHeapSize                              = 8388608                                   {product} {ergonomic}
    uintx NonNMethodCodeHeapSize                   = 7602480                                {pd product} {ergonomic}
    uintx NonProfiledCodeHeapSize                  = 122027880                              {pd product} {ergonomic}
    uintx ProfiledCodeHeapSize                     = 122027880                              {pd product} {ergonomic}
    uintx ReservedCodeCacheSize                    = 251658240                              {pd product} {ergonomic}
     bool SegmentedCodeCache                       = true                                      {product} {ergonomic}
   size_t SoftMaxHeapSize                          = 4217372672                             {manageable} {ergonomic}
     bool UseCompressedOops                        = true                           {product lp64_product} {ergonomic}
     bool UseG1GC                                  = true                                      {product} {ergonomic}
     bool UseLargePagesIndividualAllocation        = false                                  {pd product} {ergonomic}

Logging:
Log output configuration:
 #0: stdout all=warning uptime,level,tags foldmultilines=false
 #1: stderr all=off uptime,level,tags foldmultilines=false

Environment Variables:
PATH=C:\Program Files\Git\mingw64\bin;C:\Program Files\Git\usr\bin;C:\Users\alici\bin;C:\Program Files\Common Files\Oracle\Java\javapath;C:\Windows\system32;C:\Windows;C:\Windows\System32\Wbem;C:\Windows\System32\WindowsPowerShell\v1.0;C:\Windows\System32\OpenSSH;C:\Program Files (x86)\NVIDIA Corporation\PhysX\Common;C:\Program Files\NVIDIA Corporation\NVIDIA NvDLISR;C:\WINDOWS\system32;C:\WINDOWS;C:\WINDOWS\System32\Wbem;C:\WINDOWS\System32\WindowsPowerShell\v1.0;C:\WINDOWS\System32\OpenSSH;C:\Program Files\dotnet;C:\Maven\apache-maven-3.9.6\bin;C:\Program Files\Git\cmd;C:\Program Files\Vagrant\bin;C:\Program Files\Java\jdk-21\bin;C:\Users\alici\AppData\Local\nvm;C:\Program Files\nodejs;C:\Program Files\nodejs;C:\Users\alici\AppData\Roaming\npm;C:\Program Files\MySQL\MySQL Server 8.0\bin;C:\Users\alici\AppData\Local\Microsoft\WindowsApps;C:\Program Files\JetBrains\IntelliJ IDEA 2023.2.3\bin;C:\Program Files\nodejs;C:\Program Files\Java\jdk-21\bin;C:\Users\alici\AppData\Local\nvm;C:\Program Files\nodejs;C:\Users\alici\AppData\Roaming\npm;C:\Program Files\nodejs;C:\Program Files\MySQL\MySQL Server 8.0\bin;C:\Users\alici\Documents\Software _Masters\MSSE692\TravelPlanner\node_modules\.bin;C:\Program Files\nodejs\
USERNAME=alici
TERM=xterm-256color
OS=Windows_NT
PROCESSOR_IDENTIFIER=Intel64 Family 6 Model 154 Stepping 3, GenuineIntel
TMP=C:\Users\alici\AppData\Local\Temp
TEMP=C:\Users\alici\AppData\Local\Temp




Periodic native trim disabled

---------------  S Y S T E M  ---------------

OS:
 Windows 11 , 64 bit Build 26100 (10.0.26100.3037)
OS uptime: 3 days 5:15 hours

CPU: total 20 (initial active 20) (10 cores per cpu, 2 threads per core) family 6 model 154 stepping 3 microcode 0x41f, cx8, cmov, fxsr, ht, mmx, 3dnowpref, sse, sse2, sse3, ssse3, sse4.1, sse4.2, popcnt, lzcnt, tsc, tscinvbit, avx, avx2, aes, erms, clmul, bmi1, bmi2, adx, sha, fma, vzeroupper, clflush, clflushopt, clwb, serialize, rdtscp, rdpid, fsrm, f16c, pku, cet_ibt, cet_ss
Processor Information for processor 0
  Max Mhz: 2900, Current Mhz: 2900, Mhz Limit: 2900
Processor Information for processor 1
  Max Mhz: 2900, Current Mhz: 2900, Mhz Limit: 2900
Processor Information for processor 2
  Max Mhz: 2900, Current Mhz: 2900, Mhz Limit: 2900
Processor Information for processor 3
  Max Mhz: 2900, Current Mhz: 2900, Mhz Limit: 2900
Processor Information for processor 4
  Max Mhz: 2900, Current Mhz: 2900, Mhz Limit: 2900
Processor Information for processor 5
  Max Mhz: 2900, Current Mhz: 2900, Mhz Limit: 2900
Processor Information for processor 6
  Max Mhz: 2900, Current Mhz: 2900, Mhz Limit: 2900
Processor Information for processor 7
  Max Mhz: 2900, Current Mhz: 2900, Mhz Limit: 2900
Processor Information for processor 8
  Max Mhz: 2900, Current Mhz: 2900, Mhz Limit: 2900
Processor Information for processor 9
  Max Mhz: 2900, Current Mhz: 2900, Mhz Limit: 2900
Processor Information for processor 10
  Max Mhz: 2900, Current Mhz: 2900, Mhz Limit: 2900
Processor Information for processor 11
  Max Mhz: 2900, Current Mhz: 2900, Mhz Limit: 2900
Processor Information for processor 12
  Max Mhz: 2900, Current Mhz: 1508, Mhz Limit: 2088
Processor Information for processor 13
  Max Mhz: 2900, Current Mhz: 2088, Mhz Limit: 2088
Processor Information for processor 14
  Max Mhz: 2900, Current Mhz: 1508, Mhz Limit: 2088
Processor Information for processor 15
  Max Mhz: 2900, Current Mhz: 2088, Mhz Limit: 2088
Processor Information for processor 16
  Max Mhz: 2900, Current Mhz: 2088, Mhz Limit: 2088
Processor Information for processor 17
  Max Mhz: 2900, Current Mhz: 2088, Mhz Limit: 2088
Processor Information for processor 18
  Max Mhz: 2900, Current Mhz: 1508, Mhz Limit: 2088
Processor Information for processor 19
  Max Mhz: 2900, Current Mhz: 1508, Mhz Limit: 2088

Memory: 4k page, system-wide physical 16081M (737M free)
TotalPageFile size 65233M (AvailPageFile size 2M)
current process WorkingSet (physical memory assigned to process): 310M, peak: 325M
current process commit charge ("private bytes"): 365M, peak: 423M

vm_info: Java HotSpot(TM) 64-Bit Server VM (21.0.1+12-LTS-29) for windows-amd64 JRE (21.0.1+12-LTS-29), built on 2023-10-05T13:27:09Z by "mach5one" with MS VC++ 17.1 (VS2022)

END.
